# JRE version: OpenJDK Runtime Environment (8.0_112-b06) (build 1.8.0_112-release-b06)
# Java VM: OpenJDK 64-Bit Server VM (25.112-b06 mixed mode windows-amd64 compressed oops)
Heap:
 PSYoungGen      total 294400K, used 237256K [0x00000000e0000000, 0x00000000f5600000, 0x0000000100000000)
  eden space 271872K, 78% used [0x00000000e0000000,0x00000000ed1b89a0,0x00000000f0980000)
  from space 22528K, 99% used [0x00000000f4000000,0x00000000f55f9838,0x00000000f5600000)
  to   space 37888K, 0% used [0x00000000f0c00000,0x00000000f0c00000,0x00000000f3100000)
 ParOldGen       total 175616K, used 84704K [0x00000000a0000000, 0x00000000aab80000, 0x00000000e0000000)
  object space 175616K, 48% used [0x00000000a0000000,0x00000000a52b80f8,0x00000000aab80000)
 Metaspace       used 78632K, capacity 83444K, committed 83672K, reserved 1122304K
  class space    used 9895K, capacity 10657K, committed 10752K, reserved 1048576K
GC Heap History (10 events):
Event: 3046.487 GC heap before
{Heap before GC invocations=29 (full 3):
 PSYoungGen      total 342528K, used 342416K [0x00000000e0000000, 0x00000000f7300000, 0x0000000100000000)
  eden space 323584K, 100% used [0x00000000e0000000,0x00000000f3c00000,0x00000000f3c00000)
  from space 18944K, 99% used [0x00000000f4780000,0x00000000f59e41c8,0x00000000f5a00000)
  to   space 25600K, 0% used [0x00000000f5a00000,0x00000000f5a00000,0x00000000f7300000)
 ParOldGen       total 175616K, used 62230K [0x00000000a0000000, 0x00000000aab80000, 0x00000000e0000000)
  object space 175616K, 35% used [0x00000000a0000000,0x00000000a3cc5a30,0x00000000aab80000)
 Metaspace       used 77633K, capacity 81950K, committed 82264K, reserved 1120256K
  class space    used 9825K, capacity 10546K, committed 10624K, reserved 1048576K
Event: 3046.510 GC heap after
Heap after GC invocations=29 (full 3):
 PSYoungGen      total 330752K, used 18112K [0x00000000e0000000, 0x00000000f6c00000, 0x0000000100000000)
  eden space 312320K, 0% used [0x00000000e0000000,0x00000000e0000000,0x00000000f3100000)
  from space 18432K, 98% used [0x00000000f5a00000,0x00000000f6bb0110,0x00000000f6c00000)
  to   space 27648K, 0% used [0x00000000f3600000,0x00000000f3600000,0x00000000f5100000)
 ParOldGen       total 175616K, used 62238K [0x00000000a0000000, 0x00000000aab80000, 0x00000000e0000000)
  object space 175616K, 35% used [0x00000000a0000000,0x00000000a3cc7a30,0x00000000aab80000)
 Metaspace       used 77633K, capacity 81950K, committed 82264K, reserved 1120256K
  class space    used 9825K, capacity 10546K, committed 10624K, reserved 1048576K
}
Event: 3050.140 GC heap before
{Heap before GC invocations=30 (full 3):
 PSYoungGen      total 330752K, used 330432K [0x00000000e0000000, 0x00000000f6c00000, 0x0000000100000000)
  eden space 312320K, 100% used [0x00000000e0000000,0x00000000f3100000,0x00000000f3100000)
  from space 18432K, 98% used [0x00000000f5a00000,0x00000000f6bb0110,0x00000000f6c00000)
  to   space 27648K, 0% used [0x00000000f3600000,0x00000000f3600000,0x00000000f5100000)
 ParOldGen       total 175616K, used 62238K [0x00000000a0000000, 0x00000000aab80000, 0x00000000e0000000)
  object space 175616K, 35% used [0x00000000a0000000,0x00000000a3cc7a30,0x00000000aab80000)
 Metaspace       used 77957K, capacity 82364K, committed 82520K, reserved 1122304K
  class space    used 9839K, capacity 10572K, committed 10624K, reserved 1048576K
Event: 3050.157 GC heap after
Heap after GC invocations=30 (full 3):
 PSYoungGen      total 320512K, used 18532K [0x00000000e0000000, 0x00000000f5b80000, 0x0000000100000000)
  eden space 301568K, 0% used [0x00000000e0000000,0x00000000e0000000,0x00000000f2680000)
  from space 18944K, 97% used [0x00000000f3600000,0x00000000f4819040,0x00000000f4880000)
  to   space 19456K, 0% used [0x00000000f4880000,0x00000000f4880000,0x00000000f5b80000)
 ParOldGen       total 175616K, used 62246K [0x00000000a0000000, 0x00000000aab80000, 0x00000000e0000000)
  object space 175616K, 35% used [0x00000000a0000000,0x00000000a3cc9a30,0x00000000aab80000)
 Metaspace       used 77957K, capacity 82364K, committed 82520K, reserved 1122304K
  class space    used 9839K, capacity 10572K, committed 10624K, reserved 1048576K
}
Event: 3424.553 GC heap before
{Heap before GC invocations=31 (full 3):
 PSYoungGen      total 320512K, used 320100K [0x00000000e0000000, 0x00000000f5b80000, 0x0000000100000000)
  eden space 301568K, 100% used [0x00000000e0000000,0x00000000f2680000,0x00000000f2680000)
  from space 18944K, 97% used [0x00000000f3600000,0x00000000f4819040,0x00000000f4880000)
  to   space 19456K, 0% used [0x00000000f4880000,0x00000000f4880000,0x00000000f5b80000)
 ParOldGen       total 175616K, used 62246K [0x00000000a0000000, 0x00000000aab80000, 0x00000000e0000000)
  object space 175616K, 35% used [0x00000000a0000000,0x00000000a3cc9a30,0x00000000aab80000)
 Metaspace       used 78190K, capacity 82836K, committed 83032K, reserved 1122304K
  class space    used 9870K, capacity 10616K, committed 10624K, reserved 1048576K
Event: 3424.595 GC heap after
Heap after GC invocations=31 (full 3):
 PSYoungGen      total 310784K, used 19436K [0x00000000e0000000, 0x00000000f5b80000, 0x0000000100000000)
  eden space 291328K, 0% used [0x00000000e0000000,0x00000000e0000000,0x00000000f1c80000)
  from space 19456K, 99% used [0x00000000f4880000,0x00000000f5b7b0e0,0x00000000f5b80000)
  to   space 28160K, 0% used [0x00000000f2480000,0x00000000f2480000,0x00000000f4000000)
 ParOldGen       total 175616K, used 65327K [0x00000000a0000000, 0x00000000aab80000, 0x00000000e0000000)
  object space 175616K, 37% used [0x00000000a0000000,0x00000000a3fcbf78,0x00000000aab80000)
 Metaspace       used 78190K, capacity 82836K, committed 83032K, reserved 1122304K
  class space    used 9870K, capacity 10616K, committed 10624K, reserved 1048576K
}
Event: 3427.809 GC heap before
{Heap before GC invocations=32 (full 3):
 PSYoungGen      total 310784K, used 310764K [0x00000000e0000000, 0x00000000f5b80000, 0x0000000100000000)
  eden space 291328K, 100% used [0x00000000e0000000,0x00000000f1c80000,0x00000000f1c80000)
  from space 19456K, 99% used [0x00000000f4880000,0x00000000f5b7b0e0,0x00000000f5b80000)
  to   space 28160K, 0% used [0x00000000f2480000,0x00000000f2480000,0x00000000f4000000)
 ParOldGen       total 175616K, used 65327K [0x00000000a0000000, 0x00000000aab80000, 0x00000000e0000000)
  object space 175616K, 37% used [0x00000000a0000000,0x00000000a3fcbf78,0x00000000aab80000)
 Metaspace       used 78379K, capacity 83170K, committed 83416K, reserved 1122304K
  class space    used 9882K, capacity 10640K, committed 10752K, reserved 1048576K
Event: 3427.848 GC heap after
Heap after GC invocations=32 (full 3):
 PSYoungGen      total 309760K, used 28130K [0x00000000e0000000, 0x00000000f5600000, 0x0000000100000000)
  eden space 281600K, 0% used [0x00000000e0000000,0x00000000e0000000,0x00000000f1300000)
  from space 28160K, 99% used [0x00000000f2480000,0x00000000f3ff8b30,0x00000000f4000000)
  to   space 22528K, 0% used [0x00000000f4000000,0x00000000f4000000,0x00000000f5600000)
 ParOldGen       total 175616K, used 74165K [0x00000000a0000000, 0x00000000aab80000, 0x00000000e0000000)
  object space 175616K, 42% used [0x00000000a0000000,0x00000000a486d418,0x00000000aab80000)
 Metaspace       used 78379K, capacity 83170K, committed 83416K, reserved 1122304K
  class space    used 9882K, capacity 10640K, committed 10752K, reserved 1048576K
}
Event: 3679.240 GC heap before
{Heap before GC invocations=33 (full 3):
 PSYoungGen      total 309760K, used 309730K [0x00000000e0000000, 0x00000000f5600000, 0x0000000100000000)
  eden space 281600K, 100% used [0x00000000e0000000,0x00000000f1300000,0x00000000f1300000)
  from space 28160K, 99% used [0x00000000f2480000,0x00000000f3ff8b30,0x00000000f4000000)
  to   space 22528K, 0% used [0x00000000f4000000,0x00000000f4000000,0x00000000f5600000)
 ParOldGen       total 175616K, used 74165K [0x00000000a0000000, 0x00000000aab80000, 0x00000000e0000000)
  object space 175616K, 42% used [0x00000000a0000000,0x00000000a486d418,0x00000000aab80000)
 Metaspace       used 78541K, capacity 83332K, committed 83672K, reserved 1122304K
  class space    used 9891K, capacity 10649K, committed 10752K, reserved 1048576K
Event: 3679.269 GC heap after
Heap after GC invocations=33 (full 3):
 PSYoungGen      total 294400K, used 22502K [0x00000000e0000000, 0x00000000f5600000, 0x0000000100000000)
  eden space 271872K, 0% used [0x00000000e0000000,0x00000000e0000000,0x00000000f0980000)
  from space 22528K, 99% used [0x00000000f4000000,0x00000000f55f9838,0x00000000f5600000)
  to   space 37888K, 0% used [0x00000000f0c00000,0x00000000f0c00000,0x00000000f3100000)
 ParOldGen       total 175616K, used 84704K [0x00000000a0000000, 0x00000000aab80000, 0x00000000e0000000)
  object space 175616K, 48% used [0x00000000a0000000,0x00000000a52b80f8,0x00000000aab80000)
 Metaspace       used 78541K, capacity 83332K, committed 83672K, reserved 1122304K
  class space    used 9891K, capacity 10649K, committed 10752K, reserved 1048576K
}

