# JRE version: OpenJDK Runtime Environment (8.0_112-b06) (build 1.8.0_112-release-b06)
# Java VM: OpenJDK 64-Bit Server VM (25.112-b06 mixed mode windows-amd64 compressed oops)
Heap:
 PSYoungGen      total 283136K, used 68855K [0x00000000e0000000, 0x00000000f4700000, 0x0000000100000000)
  eden space 261632K, 18% used [0x00000000e0000000,0x00000000e2e41938,0x00000000eff80000)
  from space 21504K, 99% used [0x00000000f2c80000,0x00000000f417c3a0,0x00000000f4180000)
  to   space 5632K, 0% used [0x00000000f4180000,0x00000000f4180000,0x00000000f4700000)
 ParOldGen       total 140288K, used 52158K [0x00000000a0000000, 0x00000000a8900000, 0x00000000e0000000)
  object space 140288K, 37% used [0x00000000a0000000,0x00000000a32ef948,0x00000000a8900000)
 Metaspace       used 80221K, capacity 87030K, committed 87256K, reserved 1126400K
  class space    used 10239K, capacity 11150K, committed 11264K, reserved 1048576K
GC Heap History (10 events):
Event: 11035.221 GC heap before
{Heap before GC invocations=28 (full 3):
 PSYoungGen      total 338432K, used 338347K [0x00000000e0000000, 0x00000000f7880000, 0x0000000100000000)
  eden space 317952K, 100% used [0x00000000e0000000,0x00000000f3680000,0x00000000f3680000)
  from space 20480K, 99% used [0x00000000f6480000,0x00000000f786af28,0x00000000f7880000)
  to   space 23040K, 0% used [0x00000000f4b80000,0x00000000f4b80000,0x00000000f6200000)
 ParOldGen       total 140288K, used 48104K [0x00000000a0000000, 0x00000000a8900000, 0x00000000e0000000)
  object space 140288K, 34% used [0x00000000a0000000,0x00000000a2efa0e8,0x00000000a8900000)
 Metaspace       used 79470K, capacity 85772K, committed 85848K, reserved 1124352K
  class space    used 10172K, capacity 11077K, committed 11136K, reserved 1048576K
Event: 11035.245 GC heap after
Heap after GC invocations=28 (full 3):
 PSYoungGen      total 319488K, used 13707K [0x00000000e0000000, 0x00000000f6500000, 0x0000000100000000)
  eden space 305664K, 0% used [0x00000000e0000000,0x00000000e0000000,0x00000000f2a80000)
  from space 13824K, 99% used [0x00000000f4b80000,0x00000000f58e2e80,0x00000000f5900000)
  to   space 12288K, 0% used [0x00000000f5900000,0x00000000f5900000,0x00000000f6500000)
 ParOldGen       total 140288K, used 48112K [0x00000000a0000000, 0x00000000a8900000, 0x00000000e0000000)
  object space 140288K, 34% used [0x00000000a0000000,0x00000000a2efc0e8,0x00000000a8900000)
 Metaspace       used 79470K, capacity 85772K, committed 85848K, reserved 1124352K
  class space    used 10172K, capacity 11077K, committed 11136K, reserved 1048576K
}
Event: 11133.359 GC heap before
{Heap before GC invocations=29 (full 3):
 PSYoungGen      total 319488K, used 319371K [0x00000000e0000000, 0x00000000f6500000, 0x0000000100000000)
  eden space 305664K, 100% used [0x00000000e0000000,0x00000000f2a80000,0x00000000f2a80000)
  from space 13824K, 99% used [0x00000000f4b80000,0x00000000f58e2e80,0x00000000f5900000)
  to   space 12288K, 0% used [0x00000000f5900000,0x00000000f5900000,0x00000000f6500000)
 ParOldGen       total 140288K, used 48112K [0x00000000a0000000, 0x00000000a8900000, 0x00000000e0000000)
  object space 140288K, 34% used [0x00000000a0000000,0x00000000a2efc0e8,0x00000000a8900000)
 Metaspace       used 79735K, capacity 86298K, committed 86360K, reserved 1124352K
  class space    used 10190K, capacity 11096K, committed 11136K, reserved 1048576K
Event: 11133.374 GC heap after
Heap after GC invocations=29 (full 3):
 PSYoungGen      total 305664K, used 11622K [0x00000000e0000000, 0x00000000f6480000, 0x0000000100000000)
  eden space 293888K, 0% used [0x00000000e0000000,0x00000000e0000000,0x00000000f1f00000)
  from space 11776K, 98% used [0x00000000f5900000,0x00000000f64598c0,0x00000000f6480000)
  to   space 21504K, 0% used [0x00000000f3a80000,0x00000000f3a80000,0x00000000f4f80000)
 ParOldGen       total 140288K, used 48120K [0x00000000a0000000, 0x00000000a8900000, 0x00000000e0000000)
  object space 140288K, 34% used [0x00000000a0000000,0x00000000a2efe0e8,0x00000000a8900000)
 Metaspace       used 79735K, capacity 86298K, committed 86360K, reserved 1124352K
  class space    used 10190K, capacity 11096K, committed 11136K, reserved 1048576K
}
Event: 11336.517 GC heap before
{Heap before GC invocations=30 (full 3):
 PSYoungGen      total 305664K, used 305510K [0x00000000e0000000, 0x00000000f6480000, 0x0000000100000000)
  eden space 293888K, 100% used [0x00000000e0000000,0x00000000f1f00000,0x00000000f1f00000)
  from space 11776K, 98% used [0x00000000f5900000,0x00000000f64598c0,0x00000000f6480000)
  to   space 21504K, 0% used [0x00000000f3a80000,0x00000000f3a80000,0x00000000f4f80000)
 ParOldGen       total 140288K, used 48120K [0x00000000a0000000, 0x00000000a8900000, 0x00000000e0000000)
  object space 140288K, 34% used [0x00000000a0000000,0x00000000a2efe0e8,0x00000000a8900000)
 Metaspace       used 79942K, capacity 86634K, committed 86872K, reserved 1124352K
  class space    used 10215K, capacity 11120K, committed 11136K, reserved 1048576K
Event: 11336.533 GC heap after
Heap after GC invocations=30 (full 3):
 PSYoungGen      total 294912K, used 12096K [0x00000000e0000000, 0x00000000f5980000, 0x0000000100000000)
  eden space 282624K, 0% used [0x00000000e0000000,0x00000000e0000000,0x00000000f1400000)
  from space 12288K, 98% used [0x00000000f3a80000,0x00000000f46500f0,0x00000000f4680000)
  to   space 19456K, 0% used [0x00000000f4680000,0x00000000f4680000,0x00000000f5980000)
 ParOldGen       total 140288K, used 48128K [0x00000000a0000000, 0x00000000a8900000, 0x00000000e0000000)
  object space 140288K, 34% used [0x00000000a0000000,0x00000000a2f000e8,0x00000000a8900000)
 Metaspace       used 79942K, capacity 86634K, committed 86872K, reserved 1124352K
  class space    used 10215K, capacity 11120K, committed 11136K, reserved 1048576K
}
Event: 11389.853 GC heap before
{Heap before GC invocations=31 (full 3):
 PSYoungGen      total 294912K, used 294720K [0x00000000e0000000, 0x00000000f5980000, 0x0000000100000000)
  eden space 282624K, 100% used [0x00000000e0000000,0x00000000f1400000,0x00000000f1400000)
  from space 12288K, 98% used [0x00000000f3a80000,0x00000000f46500f0,0x00000000f4680000)
  to   space 19456K, 0% used [0x00000000f4680000,0x00000000f4680000,0x00000000f5980000)
 ParOldGen       total 140288K, used 48128K [0x00000000a0000000, 0x00000000a8900000, 0x00000000e0000000)
  object space 140288K, 34% used [0x00000000a0000000,0x00000000a2f000e8,0x00000000a8900000)
 Metaspace       used 80105K, capacity 86874K, committed 87000K, reserved 1124352K
  class space    used 10230K, capacity 11142K, committed 11264K, reserved 1048576K
Event: 11389.876 GC heap after
Heap after GC invocations=31 (full 3):
 PSYoungGen      total 288256K, used 16084K [0x00000000e0000000, 0x00000000f5680000, 0x0000000100000000)
  eden space 271872K, 0% used [0x00000000e0000000,0x00000000e0000000,0x00000000f0980000)
  from space 16384K, 98% used [0x00000000f4680000,0x00000000f56350e0,0x00000000f5680000)
  to   space 21504K, 0% used [0x00000000f2c80000,0x00000000f2c80000,0x00000000f4180000)
 ParOldGen       total 140288K, used 48136K [0x00000000a0000000, 0x00000000a8900000, 0x00000000e0000000)
  object space 140288K, 34% used [0x00000000a0000000,0x00000000a2f020e8,0x00000000a8900000)
 Metaspace       used 80105K, capacity 86874K, committed 87000K, reserved 1124352K
  class space    used 10230K, capacity 11142K, committed 11264K, reserved 1048576K
}
Event: 11793.548 GC heap before
{Heap before GC invocations=32 (full 3):
 PSYoungGen      total 288256K, used 287956K [0x00000000e0000000, 0x00000000f5680000, 0x0000000100000000)
  eden space 271872K, 100% used [0x00000000e0000000,0x00000000f0980000,0x00000000f0980000)
  from space 16384K, 98% used [0x00000000f4680000,0x00000000f56350e0,0x00000000f5680000)
  to   space 21504K, 0% used [0x00000000f2c80000,0x00000000f2c80000,0x00000000f4180000)
 ParOldGen       total 140288K, used 48136K [0x00000000a0000000, 0x00000000a8900000, 0x00000000e0000000)
  object space 140288K, 34% used [0x00000000a0000000,0x00000000a2f020e8,0x00000000a8900000)
 Metaspace       used 80209K, capacity 86962K, committed 87256K, reserved 1126400K
  class space    used 10239K, capacity 11150K, committed 11264K, reserved 1048576K
Event: 11793.578 GC heap after
Heap after GC invocations=32 (full 3):
 PSYoungGen      total 283136K, used 21488K [0x00000000e0000000, 0x00000000f4700000, 0x0000000100000000)
  eden space 261632K, 0% used [0x00000000e0000000,0x00000000e0000000,0x00000000eff80000)
  from space 21504K, 99% used [0x00000000f2c80000,0x00000000f417c3a0,0x00000000f4180000)
  to   space 5632K, 0% used [0x00000000f4180000,0x00000000f4180000,0x00000000f4700000)
 ParOldGen       total 140288K, used 52158K [0x00000000a0000000, 0x00000000a8900000, 0x00000000e0000000)
  object space 140288K, 37% used [0x00000000a0000000,0x00000000a32ef948,0x00000000a8900000)
 Metaspace       used 80209K, capacity 86962K, committed 87256K, reserved 1126400K
  class space    used 10239K, capacity 11150K, committed 11264K, reserved 1048576K
}

