# JRE version: OpenJDK Runtime Environment (8.0_112-b06) (build 1.8.0_112-release-b06)
# Java VM: OpenJDK 64-Bit Server VM (25.112-b06 mixed mode windows-amd64 compressed oops)
Heap:
 PSYoungGen      total 122368K, used 122351K [0x00000000e0000000, 0x00000000ea880000, 0x0000000100000000)
  eden space 107520K, 100% used [0x00000000e0000000,0x00000000e6900000,0x00000000e6900000)
  from space 14848K, 99% used [0x00000000e6900000,0x00000000e777bff0,0x00000000e7780000)
  to   space 18944K, 99% used [0x00000000e9600000,0x00000000ea8781f8,0x00000000ea880000)
 ParOldGen       total 128512K, used 29768K [0x00000000a0000000, 0x00000000a7d80000, 0x00000000e0000000)
  object space 128512K, 23% used [0x00000000a0000000,0x00000000a1d12120,0x00000000a7d80000)
 Metaspace       used 53451K, capacity 55698K, committed 55936K, reserved 1097728K
  class space    used 7309K, capacity 7756K, committed 7808K, reserved 1048576K
GC Heap History (10 events):
Event: 6.222 GC heap after
Heap after GC invocations=7 (full 1):
 PSYoungGen      total 93696K, used 11217K [0x00000000e0000000, 0x00000000e8900000, 0x0000000100000000)
  eden space 80896K, 0% used [0x00000000e0000000,0x00000000e0000000,0x00000000e4f00000)
  from space 12800K, 87% used [0x00000000e5c80000,0x00000000e6774440,0x00000000e6900000)
  to   space 13824K, 0% used [0x00000000e4f00000,0x00000000e4f00000,0x00000000e5c80000)
 ParOldGen       total 79872K, used 13007K [0x00000000a0000000, 0x00000000a4e00000, 0x00000000e0000000)
  object space 79872K, 16% used [0x00000000a0000000,0x00000000a0cb3e00,0x00000000a4e00000)
 Metaspace       used 34523K, capacity 35254K, committed 35456K, reserved 1079296K
  class space    used 4655K, capacity 4878K, committed 4992K, reserved 1048576K
}
Event: 6.222 GC heap before
{Heap before GC invocations=8 (full 2):
 PSYoungGen      total 93696K, used 11217K [0x00000000e0000000, 0x00000000e8900000, 0x0000000100000000)
  eden space 80896K, 0% used [0x00000000e0000000,0x00000000e0000000,0x00000000e4f00000)
  from space 12800K, 87% used [0x00000000e5c80000,0x00000000e6774440,0x00000000e6900000)
  to   space 13824K, 0% used [0x00000000e4f00000,0x00000000e4f00000,0x00000000e5c80000)
 ParOldGen       total 79872K, used 13007K [0x00000000a0000000, 0x00000000a4e00000, 0x00000000e0000000)
  object space 79872K, 16% used [0x00000000a0000000,0x00000000a0cb3e00,0x00000000a4e00000)
 Metaspace       used 34523K, capacity 35254K, committed 35456K, reserved 1079296K
  class space    used 4655K, capacity 4878K, committed 4992K, reserved 1048576K
Event: 6.299 GC heap after
Heap after GC invocations=8 (full 2):
 PSYoungGen      total 93696K, used 0K [0x00000000e0000000, 0x00000000e8900000, 0x0000000100000000)
  eden space 80896K, 0% used [0x00000000e0000000,0x00000000e0000000,0x00000000e4f00000)
  from space 12800K, 0% used [0x00000000e5c80000,0x00000000e5c80000,0x00000000e6900000)
  to   space 13824K, 0% used [0x00000000e4f00000,0x00000000e4f00000,0x00000000e5c80000)
 ParOldGen       total 128512K, used 17390K [0x00000000a0000000, 0x00000000a7d80000, 0x00000000e0000000)
  object space 128512K, 13% used [0x00000000a0000000,0x00000000a10fb840,0x00000000a7d80000)
 Metaspace       used 34523K, capacity 35254K, committed 35456K, reserved 1079296K
  class space    used 4655K, capacity 4878K, committed 4992K, reserved 1048576K
}
Event: 7.018 GC heap before
{Heap before GC invocations=9 (full 2):
 PSYoungGen      total 93696K, used 80896K [0x00000000e0000000, 0x00000000e8900000, 0x0000000100000000)
  eden space 80896K, 100% used [0x00000000e0000000,0x00000000e4f00000,0x00000000e4f00000)
  from space 12800K, 0% used [0x00000000e5c80000,0x00000000e5c80000,0x00000000e6900000)
  to   space 13824K, 0% used [0x00000000e4f00000,0x00000000e4f00000,0x00000000e5c80000)
 ParOldGen       total 128512K, used 17390K [0x00000000a0000000, 0x00000000a7d80000, 0x00000000e0000000)
  object space 128512K, 13% used [0x00000000a0000000,0x00000000a10fb840,0x00000000a7d80000)
 Metaspace       used 38056K, capacity 38862K, committed 39168K, reserved 1083392K
  class space    used 5119K, capacity 5361K, committed 5376K, reserved 1048576K
Event: 7.027 GC heap after
Heap after GC invocations=9 (full 2):
 PSYoungGen      total 94720K, used 8566K [0x00000000e0000000, 0x00000000e8480000, 0x0000000100000000)
  eden space 80896K, 0% used [0x00000000e0000000,0x00000000e0000000,0x00000000e4f00000)
  from space 13824K, 61% used [0x00000000e4f00000,0x00000000e575db80,0x00000000e5c80000)
  to   space 13312K, 0% used [0x00000000e7780000,0x00000000e7780000,0x00000000e8480000)
 ParOldGen       total 128512K, used 17398K [0x00000000a0000000, 0x00000000a7d80000, 0x00000000e0000000)
  object space 128512K, 13% used [0x00000000a0000000,0x00000000a10fd840,0x00000000a7d80000)
 Metaspace       used 38056K, capacity 38862K, committed 39168K, reserved 1083392K
  class space    used 5119K, capacity 5361K, committed 5376K, reserved 1048576K
}
Event: 8.340 GC heap before
{Heap before GC invocations=10 (full 2):
 PSYoungGen      total 94720K, used 89462K [0x00000000e0000000, 0x00000000e8480000, 0x0000000100000000)
  eden space 80896K, 100% used [0x00000000e0000000,0x00000000e4f00000,0x00000000e4f00000)
  from space 13824K, 61% used [0x00000000e4f00000,0x00000000e575db80,0x00000000e5c80000)
  to   space 13312K, 0% used [0x00000000e7780000,0x00000000e7780000,0x00000000e8480000)
 ParOldGen       total 128512K, used 17398K [0x00000000a0000000, 0x00000000a7d80000, 0x00000000e0000000)
  object space 128512K, 13% used [0x00000000a0000000,0x00000000a10fd840,0x00000000a7d80000)
 Metaspace       used 45058K, capacity 46266K, committed 46336K, reserved 1089536K
  class space    used 6075K, capacity 6339K, committed 6400K, reserved 1048576K
Event: 8.356 GC heap after
Heap after GC invocations=10 (full 2):
 PSYoungGen      total 120832K, used 12840K [0x00000000e0000000, 0x00000000e8880000, 0x0000000100000000)
  eden space 107520K, 0% used [0x00000000e0000000,0x00000000e0000000,0x00000000e6900000)
  from space 13312K, 96% used [0x00000000e7780000,0x00000000e840a1f0,0x00000000e8480000)
  to   space 14848K, 0% used [0x00000000e6900000,0x00000000e6900000,0x00000000e7780000)
 ParOldGen       total 128512K, used 17406K [0x00000000a0000000, 0x00000000a7d80000, 0x00000000e0000000)
  object space 128512K, 13% used [0x00000000a0000000,0x00000000a10ff840,0x00000000a7d80000)
 Metaspace       used 45058K, capacity 46266K, committed 46336K, reserved 1089536K
  class space    used 6075K, capacity 6339K, committed 6400K, reserved 1048576K
}
Event: 9.424 GC heap before
{Heap before GC invocations=11 (full 2):
 PSYoungGen      total 120832K, used 120360K [0x00000000e0000000, 0x00000000e8880000, 0x0000000100000000)
  eden space 107520K, 100% used [0x00000000e0000000,0x00000000e6900000,0x00000000e6900000)
  from space 13312K, 96% used [0x00000000e7780000,0x00000000e840a1f0,0x00000000e8480000)
  to   space 14848K, 0% used [0x00000000e6900000,0x00000000e6900000,0x00000000e7780000)
 ParOldGen       total 128512K, used 17406K [0x00000000a0000000, 0x00000000a7d80000, 0x00000000e0000000)
  object space 128512K, 13% used [0x00000000a0000000,0x00000000a10ff840,0x00000000a7d80000)
 Metaspace       used 49472K, capacity 50962K, committed 51200K, reserved 1093632K
  class space    used 6786K, capacity 7135K, committed 7168K, reserved 1048576K
Event: 9.449 GC heap after
Heap after GC invocations=11 (full 2):
 PSYoungGen      total 122368K, used 14831K [0x00000000e0000000, 0x00000000ea880000, 0x0000000100000000)
  eden space 107520K, 0% used [0x00000000e0000000,0x00000000e0000000,0x00000000e6900000)
  from space 14848K, 99% used [0x00000000e6900000,0x00000000e777bff0,0x00000000e7780000)
  to   space 18944K, 0% used [0x00000000e9600000,0x00000000e9600000,0x00000000ea880000)
 ParOldGen       total 128512K, used 22985K [0x00000000a0000000, 0x00000000a7d80000, 0x00000000e0000000)
  object space 128512K, 17% used [0x00000000a0000000,0x00000000a16725f0,0x00000000a7d80000)
 Metaspace       used 49472K, capacity 50962K, committed 51200K, reserved 1093632K
  class space    used 6786K, capacity 7135K, committed 7168K, reserved 1048576K
}
Event: 12.634 GC heap before
{Heap before GC invocations=12 (full 2):
 PSYoungGen      total 122368K, used 122351K [0x00000000e0000000, 0x00000000ea880000, 0x0000000100000000)
  eden space 107520K, 100% used [0x00000000e0000000,0x00000000e6900000,0x00000000e6900000)
  from space 14848K, 99% used [0x00000000e6900000,0x00000000e777bff0,0x00000000e7780000)
  to   space 18944K, 0% used [0x00000000e9600000,0x00000000e9600000,0x00000000ea880000)
 ParOldGen       total 128512K, used 22985K [0x00000000a0000000, 0x00000000a7d80000, 0x00000000e0000000)
  object space 128512K, 17% used [0x00000000a0000000,0x00000000a16725f0,0x00000000a7d80000)
 Metaspace       used 53451K, capacity 55698K, committed 55936K, reserved 1097728K
  class space    used 7309K, capacity 7756K, committed 7808K, reserved 1048576K

